Error in abs_path(input) : 
  The file '02_allocations-cron.Rmd' does not exist.
Calls: <Anonymous> -> setwd -> dirname -> abs_path
In addition: Warning message:
In normalizePath(x, winslash = winslash, mustWork = must_work) :
  path[1]="02_allocations-cron.Rmd": No such file or directory
Execution halted
Error in abs_path(input) : 
  The file '02_allocations-cron.Rmd' does not exist.
Calls: <Anonymous> -> setwd -> dirname -> abs_path
In addition: Warning message:
In normalizePath(x, winslash = winslash, mustWork = must_work) :
  path[1]="02_allocations-cron.Rmd": No such file or directory
Execution halted
Error in abs_path(input) : 
  The file '02_allocations-cron.Rmd' does not exist.
Calls: <Anonymous> -> setwd -> dirname -> abs_path
In addition: Warning message:
In normalizePath(x, winslash = winslash, mustWork = must_work) :
  path[1]="02_allocations-cron.Rmd": No such file or directory
Execution halted


processing file: allocations-cron.Rmd
1/49                   
2/49 [unnamed-chunk-1] 
3/49                   
4/49 [pressure]        

Quitting from lines 15-16 [pressure] (allocations-cron.Rmd)
Error in `knitr::include_graphics()`:
! Cannot find the file(s): "query-catcher-header.png"
Backtrace:
 1. knitr::include_graphics("query-catcher-header.png")
There were 20 warnings (use warnings() to see them)
Execution halted


processing file: allocations-cron.Rmd
1/49                   
2/49 [unnamed-chunk-1] 
3/49                   
4/49 [pressure]        
5/49                   
6/49 [unnamed-chunk-2] 
7/49                   
8/49 [unnamed-chunk-3] 
9/49                   
10/49 [unnamed-chunk-4] 
11/49                   
12/49 [unnamed-chunk-5] 
13/49                   
14/49 [unnamed-chunk-6] 
15/49                   
16/49 [unnamed-chunk-7] 
17/49                   
18/49 [unnamed-chunk-8] 
19/49                   
20/49 [unnamed-chunk-9] 
21/49                   
22/49 [unnamed-chunk-10]
23/49                   
24/49 [unnamed-chunk-11]
25/49                   
26/49 [unnamed-chunk-12]
27/49                   
28/49 [unnamed-chunk-13]
29/49                   
30/49 [setup]           
31/49                   
32/49 [unnamed-chunk-14]
33/49                   
34/49 [unnamed-chunk-15]
35/49                   
36/49 [unnamed-chunk-16]
37/49                   
38/49 [unnamed-chunk-17]
39/49                   
40/49 [unnamed-chunk-18]
41/49                   
42/49 [unnamed-chunk-19]
43/49                   
44/49 [unnamed-chunk-20]
45/49                   
46/49 [unnamed-chunk-21]
47/49                   
48/49 [unnamed-chunk-22]
49/49                   
output file: /Users/bkram/Documents/git/braindexer/crons/intermediates_dir/allocations-cron.knit.md

/Applications/RStudio.app/Contents/Resources/app/quarto/bin/tools/pandoc +RTS -K512m -RTS /Users/bkram/Documents/git/braindexer/crons/intermediates_dir/allocations-cron.knit.md --to html4 --from markdown+autolink_bare_uris+tex_math_single_backslash --output /Users/bkram/Documents/git/braindexer/crons/output_dir/allocations-cron.html --lua-filter /Library/Frameworks/R.framework/Versions/4.3-arm64/Resources/library/rmarkdown/rmarkdown/lua/pagebreak.lua --lua-filter /Library/Frameworks/R.framework/Versions/4.3-arm64/Resources/library/rmarkdown/rmarkdown/lua/latex-div.lua --embed-resources --standalone --variable bs3=TRUE --section-divs --template /Library/Frameworks/R.framework/Versions/4.3-arm64/Resources/library/rmarkdown/rmd/h/default.html --no-highlight --variable highlightjs=1 --variable theme=bootstrap --mathjax --variable 'mathjax-url=https://mathjax.rstudio.com/latest/MathJax.js?config=TeX-AMS-MML_HTMLorMML' --include-in-header /tmp/Rtmpe0m0Is/rmarkdown-str66204ce0f092.html 
[WARNING] This document format requires a nonempty <title> element.
  Defaulting to 'allocations-cron.knit' as the title.
  To specify a title, use 'title' in metadata or --metadata title="...".

Output created: output_dir/allocations-cron.html
There were 22 warnings (use warnings() to see them)
Error in `slackr::slackr_setup()`:
! Could not connect to Slack with the token you provided. Are you sure you've set up your app correctly?
Backtrace:
    x
 1. \-slackr::slackr_setup(config_file = "~/Documents/git/braindexer/braindexer.slackr")
 2.   \-rlang::abort("Could not connect to Slack with the token you provided. Are you sure you've set up your app correctly?")
Execution halted


processing file: allocations-cron.Rmd
1/49                   
2/49 [unnamed-chunk-1] 
3/49                   
4/49 [pressure]        
5/49                   
6/49 [unnamed-chunk-2] 
7/49                   
8/49 [unnamed-chunk-3] 
9/49                   
10/49 [unnamed-chunk-4] 
11/49                   
12/49 [unnamed-chunk-5] 
13/49                   
14/49 [unnamed-chunk-6] 
15/49                   
16/49 [unnamed-chunk-7] 
17/49                   
18/49 [unnamed-chunk-8] 
19/49                   
20/49 [unnamed-chunk-9] 
21/49                   
22/49 [unnamed-chunk-10]
23/49                   
24/49 [unnamed-chunk-11]
25/49                   
26/49 [unnamed-chunk-12]
27/49                   
28/49 [unnamed-chunk-13]
29/49                   
30/49 [setup]           
31/49                   
32/49 [unnamed-chunk-14]
33/49                   
34/49 [unnamed-chunk-15]
35/49                   
36/49 [unnamed-chunk-16]
37/49                   
38/49 [unnamed-chunk-17]
39/49                   
40/49 [unnamed-chunk-18]
41/49                   
42/49 [unnamed-chunk-19]
43/49                   
44/49 [unnamed-chunk-20]
45/49                   
46/49 [unnamed-chunk-21]
47/49                   
48/49 [unnamed-chunk-22]
49/49                   
output file: /Users/bkram/Documents/git/braindexer/crons/intermediates_dir/allocations-cron.knit.md

/Applications/RStudio.app/Contents/Resources/app/quarto/bin/tools/pandoc +RTS -K512m -RTS /Users/bkram/Documents/git/braindexer/crons/intermediates_dir/allocations-cron.knit.md --to html4 --from markdown+autolink_bare_uris+tex_math_single_backslash --output /Users/bkram/Documents/git/braindexer/crons/output_dir/allocations-cron.html --lua-filter /Library/Frameworks/R.framework/Versions/4.3-arm64/Resources/library/rmarkdown/rmarkdown/lua/pagebreak.lua --lua-filter /Library/Frameworks/R.framework/Versions/4.3-arm64/Resources/library/rmarkdown/rmarkdown/lua/latex-div.lua --embed-resources --standalone --variable bs3=TRUE --section-divs --template /Library/Frameworks/R.framework/Versions/4.3-arm64/Resources/library/rmarkdown/rmd/h/default.html --no-highlight --variable highlightjs=1 --variable theme=bootstrap --mathjax --variable 'mathjax-url=https://mathjax.rstudio.com/latest/MathJax.js?config=TeX-AMS-MML_HTMLorMML' --include-in-header /tmp/RtmprQYKyd/rmarkdown-str1738687ed42e.html 
[WARNING] This document format requires a nonempty <title> element.
  Defaulting to 'allocations-cron.knit' as the title.
  To specify a title, use 'title' in metadata or --metadata title="...".

Output created: output_dir/allocations-cron.html
There were 22 warnings (use warnings() to see them)
Error in `slackr::slackr_setup()`:
! Could not connect to Slack with the token you provided. Are you sure you've set up your app correctly?
Backtrace:
    x
 1. \-slackr::slackr_setup(config_file = "~/Documents/git/braindexer/braindexer.slackr")
 2.   \-rlang::abort("Could not connect to Slack with the token you provided. Are you sure you've set up your app correctly?")
Execution halted


processing file: allocations-cron.Rmd
1/49                   
2/49 [unnamed-chunk-1] 
3/49                   
4/49 [pressure]        
5/49                   
6/49 [unnamed-chunk-2] 
7/49                   
8/49 [unnamed-chunk-3] 
9/49                   
10/49 [unnamed-chunk-4] 
11/49                   
12/49 [unnamed-chunk-5] 
13/49                   
14/49 [unnamed-chunk-6] 
15/49                   
16/49 [unnamed-chunk-7] 
17/49                   
18/49 [unnamed-chunk-8] 
19/49                   
20/49 [unnamed-chunk-9] 
21/49                   
22/49 [unnamed-chunk-10]
23/49                   
24/49 [unnamed-chunk-11]
25/49                   
26/49 [unnamed-chunk-12]
27/49                   
28/49 [unnamed-chunk-13]
29/49                   
30/49 [setup]           
31/49                   
32/49 [unnamed-chunk-14]
33/49                   
34/49 [unnamed-chunk-15]
35/49                   
36/49 [unnamed-chunk-16]
37/49                   
38/49 [unnamed-chunk-17]
39/49                   
40/49 [unnamed-chunk-18]
41/49                   
42/49 [unnamed-chunk-19]
43/49                   
44/49 [unnamed-chunk-20]
45/49                   
46/49 [unnamed-chunk-21]
47/49                   
48/49 [unnamed-chunk-22]
49/49                   
output file: /Users/bkram/Documents/git/braindexer/crons/intermediates_dir/allocations-cron.knit.md

/Applications/RStudio.app/Contents/Resources/app/quarto/bin/tools/pandoc +RTS -K512m -RTS /Users/bkram/Documents/git/braindexer/crons/intermediates_dir/allocations-cron.knit.md --to html4 --from markdown+autolink_bare_uris+tex_math_single_backslash --output /Users/bkram/Documents/git/braindexer/crons/output_dir/allocations-cron.html --lua-filter /Library/Frameworks/R.framework/Versions/4.3-arm64/Resources/library/rmarkdown/rmarkdown/lua/pagebreak.lua --lua-filter /Library/Frameworks/R.framework/Versions/4.3-arm64/Resources/library/rmarkdown/rmarkdown/lua/latex-div.lua --embed-resources --standalone --variable bs3=TRUE --section-divs --template /Library/Frameworks/R.framework/Versions/4.3-arm64/Resources/library/rmarkdown/rmd/h/default.html --no-highlight --variable highlightjs=1 --variable theme=bootstrap --mathjax --variable 'mathjax-url=https://mathjax.rstudio.com/latest/MathJax.js?config=TeX-AMS-MML_HTMLorMML' --include-in-header /tmp/RtmpnCn6hi/rmarkdown-strba7f5b68f01e.html 
[WARNING] This document format requires a nonempty <title> element.
  Defaulting to 'allocations-cron.knit' as the title.
  To specify a title, use 'title' in metadata or --metadata title="...".

Output created: output_dir/allocations-cron.html
There were 22 warnings (use warnings() to see them)
Error in `slackr::slackr_setup()`:
! Could not connect to Slack with the token you provided. Are you sure you've set up your app correctly?
Backtrace:
    x
 1. \-slackr::slackr_setup(config_file = "~/Documents/git/braindexer/braindexer.slackr")
 2.   \-rlang::abort("Could not connect to Slack with the token you provided. Are you sure you've set up your app correctly?")
Execution halted
